Initializing input data normalization.
|======================================================================================================================|
|  Epoch  |  Iteration  |  Time Elapsed  |  Mini-batch  |  Validation  |  Mini-batch  |  Validation  |  Base Learning  |
|         |             |   (hh:mm:ss)   |   Accuracy   |   Accuracy   |     Loss     |     Loss     |      Rate       |
|======================================================================================================================|
|       1 |           1 |       00:00:01 |       10.00% |       10.63% |      12.3865 |      12.1169 |          0.0010 |
|       1 |        1200 |       00:00:25 |       96.00% |       98.08% |       0.2954 |       0.0645 |          0.0010 |
|       2 |        2400 |       00:00:49 |       98.00% |       98.13% |       0.0236 |       0.0674 |          0.0010 |
|       3 |        3600 |       00:01:13 |       98.00% |       98.60% |       0.1157 |       0.0435 |          0.0010 |
|       4 |        4800 |       00:01:37 |       96.00% |       98.30% |       0.0470 |       0.0589 |          0.0010 |
|       5 |        6000 |       00:02:01 |      100.00% |       98.67% |       0.0019 |       0.0470 |          0.0010 |
|       6 |        7200 |       00:02:24 |      100.00% |       98.20% |       0.0069 |       0.0628 |          0.0010 |
|       7 |        8400 |       00:02:48 |       98.00% |       98.84% |       0.1203 |       0.0390 |          0.0010 |
|       8 |        9600 |       00:03:12 |       98.00% |       98.74% |       0.0586 |       0.0480 |          0.0010 |
|       9 |       10800 |       00:03:36 |      100.00% |       98.67% |       0.0014 |       0.0598 |          0.0010 |
|      10 |       12000 |       00:04:00 |      100.00% |       97.70% |       0.0023 |       0.0999 |          0.0010 |
|      11 |       13200 |       00:04:24 |       96.00% |       98.71% |       0.1268 |       0.0592 |          0.0010 |
|      12 |       14400 |       00:04:47 |       98.00% |       98.77% |       0.0200 |       0.0612 |          0.0010 |
|      13 |       15600 |       00:05:11 |       96.00% |       98.51% |       0.4875 |       0.0777 |          0.0010 |
|      14 |       16800 |       00:05:35 |      100.00% |       98.83% |       0.0007 |       0.0496 |          0.0010 |
|      15 |       18000 |       00:05:59 |       98.00% |       99.05% |       0.0251 |       0.0455 |          0.0010 |
|      16 |       19200 |       00:06:22 |      100.00% |       98.82% |       0.0215 |       0.0485 |          0.0010 |
|      17 |       20400 |       00:06:46 |      100.00% |       99.06% |       0.0001 |       0.0492 |          0.0010 |
|      18 |       21600 |       00:07:10 |      100.00% |       98.54% |       0.0012 |       0.0797 |          0.0010 |
|      19 |       22800 |       00:07:34 |       98.00% |       98.56% |       0.0417 |       0.0719 |          0.0010 |
|      20 |       24000 |       00:07:58 |       98.00% |       98.96% |       0.1574 |       0.0507 |          0.0010 |
|      21 |       25200 |       00:08:21 |      100.00% |       98.70% |   4.9926e-06 |       0.0626 |          0.0010 |
|      22 |       26400 |       00:08:45 |      100.00% |       99.07% |   7.0439e-06 |       0.0497 |          0.0010 |
|      23 |       27600 |       00:09:09 |      100.00% |       98.70% |       0.0035 |       0.0671 |          0.0010 |
|      24 |       28800 |       00:09:33 |      100.00% |       98.97% |       0.0009 |       0.0541 |          0.0010 |
|      25 |       30000 |       00:09:56 |      100.00% |       98.88% |       0.0017 |       0.0678 |          0.0010 |
|      26 |       31200 |       00:10:20 |       98.00% |       98.74% |       0.0213 |       0.0664 |          0.0010 |
|      27 |       32400 |       00:10:43 |       98.00% |       98.95% |       0.0340 |       0.0615 |          0.0010 |
|      28 |       33600 |       00:11:07 |       98.00% |       98.54% |       0.0432 |       0.0615 |          0.0010 |
|      29 |       34800 |       00:11:30 |      100.00% |       99.15% |       0.0002 |       0.0448 |          0.0010 |
|      30 |       36000 |       00:11:54 |      100.00% |       98.83% |       0.0037 |       0.0532 |          0.0010 |
|      31 |       37200 |       00:12:17 |      100.00% |       98.52% |       0.0001 |       0.0740 |          0.0010 |
|      32 |       38400 |       00:12:41 |       90.00% |       94.85% |       0.6128 |       0.2222 |          0.0010 |
|      33 |       39600 |       00:13:05 |       98.00% |       98.99% |       0.0381 |       0.0584 |          0.0010 |
|      34 |       40800 |       00:13:28 |      100.00% |       99.23% |       0.0003 |       0.0396 |          0.0010 |
|      35 |       42000 |       00:13:51 |       98.00% |       98.84% |       0.2329 |       0.0618 |          0.0010 |
|      36 |       43200 |       00:14:15 |      100.00% |       98.81% |       0.0002 |       0.0601 |          0.0010 |
|      37 |       44400 |       00:14:38 |      100.00% |       98.97% |       0.0041 |       0.0548 |          0.0010 |
|      38 |       45600 |       00:15:02 |       98.00% |       98.61% |       0.0886 |       0.0785 |          0.0010 |
|      39 |       46800 |       00:15:25 |       84.00% |       90.47% |       0.4118 |       0.3081 |          0.0010 |
|      40 |       48000 |       00:15:48 |       96.00% |       98.18% |       0.1174 |       0.0901 |          0.0010 |
|      41 |       49200 |       00:16:11 |      100.00% |       98.87% |       0.0013 |       0.0659 |          0.0010 |
|      42 |       50400 |       00:16:34 |      100.00% |       98.76% |       0.0018 |       0.0558 |          0.0010 |
|      43 |       51600 |       00:16:58 |       98.00% |       98.78% |       0.0320 |       0.0749 |          0.0010 |
|      44 |       52800 |       00:17:21 |      100.00% |       97.49% |       0.0120 |       0.1220 |          0.0010 |
|      45 |       54000 |       00:17:44 |      100.00% |       98.53% |       0.0236 |       0.0842 |          0.0010 |
|      46 |       55200 |       00:18:07 |      100.00% |       97.77% |       0.0152 |       0.1150 |          0.0010 |
|      47 |       56400 |       00:18:30 |      100.00% |       98.83% |       0.0003 |       0.0647 |          0.0010 |
|      48 |       57600 |       00:18:53 |      100.00% |       98.06% |       0.0015 |       0.1135 |          0.0010 |
|      49 |       58800 |       00:19:16 |       96.00% |       97.93% |       0.1379 |       0.1148 |          0.0010 |
|      50 |       60000 |       00:19:39 |      100.00% |       98.50% |       0.0020 |       0.0840 |          0.0010 |
|      51 |       61200 |       00:20:00 |       94.00% |       98.21% |       0.1598 |       0.1268 |          0.0010 |
|      52 |       62400 |       00:20:21 |      100.00% |       98.91% |       0.0006 |       0.0645 |          0.0010 |
|      53 |       63600 |       00:20:42 |       98.00% |       97.27% |       0.0426 |       0.1384 |          0.0010 |
|      54 |       64800 |       00:21:04 |       78.00% |       83.45% |       1.1426 |       0.5123 |          0.0010 |
|      55 |       66000 |       00:21:25 |       72.00% |       77.54% |       0.6355 |       0.5938 |          0.0010 |
|      56 |       67200 |       00:21:46 |       98.00% |       97.27% |       0.1782 |       0.1972 |          0.0010 |
|      57 |       68400 |       00:22:08 |       96.00% |       86.95% |       0.2233 |       0.3588 |          0.0010 |
|      58 |       69600 |       00:22:29 |       78.00% |       78.74% |       1.1758 |       0.8303 |          0.0010 |
|      59 |       70800 |       00:22:50 |       86.00% |       87.87% |       0.2735 |       0.3877 |          0.0010 |
|      60 |       72000 |       00:23:13 |      100.00% |       97.84% |       0.0380 |       0.1296 |          0.0010 |
|      61 |       73200 |       00:23:36 |      100.00% |       98.20% |       0.0125 |       0.1012 |          0.0010 |
|      62 |       74400 |       00:23:59 |      100.00% |       98.28% |       0.0003 |       0.1066 |          0.0010 |
|      63 |       75600 |       00:24:22 |       80.00% |       81.49% |       0.5537 |       0.5173 |          0.0010 |
|      64 |       76800 |       00:24:45 |       32.00% |       44.72% |       2.1615 |       1.6774 |          0.0010 |
|      65 |       78000 |       00:25:08 |       56.00% |       60.24% |       1.0951 |       1.0386 |          0.0010 |
|      66 |       79200 |       00:25:31 |       74.00% |       73.11% |       0.8862 |       0.6949 |          0.0010 |
|      67 |       80400 |       00:25:54 |       92.00% |       86.44% |       0.3435 |       0.5414 |          0.0010 |
|      68 |       81600 |       00:26:17 |       86.00% |       87.36% |       0.3558 |       0.3212 |          0.0010 |
|      69 |       82800 |       00:26:40 |       38.00% |       37.97% |       1.5315 |       1.5523 |          0.0010 |
|      70 |       84000 |       00:27:03 |       28.00% |       30.79% |       1.8980 |       1.7285 |          0.0010 |
|      71 |       85200 |       00:27:26 |       34.00% |       31.44% |       1.6737 |       1.7103 |          0.0010 |
|      72 |       86400 |       00:27:49 |       50.00% |       49.35% |       1.3192 |       1.3309 |          0.0010 |
|      73 |       87600 |       00:28:12 |       88.00% |       84.98% |       0.4570 |       0.4684 |          0.0010 |
|      74 |       88800 |       00:28:35 |       92.00% |       95.09% |       0.6837 |       0.2387 |          0.0010 |
|      75 |       90000 |       00:28:57 |       56.00% |       69.01% |       1.3487 |       0.9221 |          0.0010 |
|      76 |       91200 |       00:29:20 |       30.00% |       27.70% |       1.7869 |       1.9493 |          0.0010 |
|      77 |       92400 |       00:29:43 |       28.00% |       37.57% |       1.8675 |       1.6128 |          0.0010 |
|      78 |       93600 |       00:30:06 |       40.00% |       41.15% |       1.6836 |       1.4584 |          0.0010 |
|      79 |       94800 |       00:30:28 |       52.00% |       41.17% |       1.1484 |       1.4265 |          0.0010 |
|      80 |       96000 |       00:30:51 |       64.00% |       68.24% |       0.8917 |       0.8562 |          0.0010 |
|      81 |       97200 |       00:31:14 |       66.00% |       66.89% |       1.1637 |       0.9282 |          0.0010 |
|      82 |       98400 |       00:31:37 |       58.00% |       64.57% |       1.1599 |       1.0177 |          0.0010 |
|      83 |       99600 |       00:31:59 |       66.00% |       61.66% |       0.9605 |       1.0467 |          0.0010 |
|      84 |      100800 |       00:32:22 |       70.00% |       62.59% |       0.9438 |       1.1016 |          0.0010 |
|      85 |      102000 |       00:32:45 |       46.00% |       43.74% |       1.5173 |       1.4432 |          0.0010 |
|      86 |      103200 |       00:33:08 |       62.00% |       52.79% |       1.0557 |       1.2280 |          0.0010 |
|      87 |      104400 |       00:33:30 |       70.00% |       72.05% |       0.8829 |       0.7608 |          0.0010 |
|      88 |      105600 |       00:33:53 |       62.00% |       62.58% |       1.1468 |       1.0519 |          0.0010 |
|      89 |      106800 |       00:34:16 |       34.00% |       40.11% |       1.8078 |       1.6579 |          0.0010 |
|      90 |      108000 |       00:34:38 |       32.00% |       37.86% |       1.7007 |       1.6192 |          0.0010 |
|      91 |      109200 |       00:35:01 |       28.00% |       37.18% |       1.8251 |       1.5938 |          0.0010 |
|      92 |      110400 |       00:35:24 |       36.00% |       44.91% |       1.5234 |       1.3902 |          0.0010 |
|      93 |      111600 |       00:35:47 |       16.00% |       11.35% |       2.2987 |       2.3101 |          0.0010 |
|      94 |      112800 |       00:36:09 |       14.00% |       11.35% |       2.3108 |       2.3067 |          0.0010 |
|      95 |      114000 |       00:36:32 |        8.00% |       11.97% |       2.3078 |       2.2867 |          0.0010 |
|      96 |      115200 |       00:36:54 |       24.00% |       17.72% |       2.1177 |       2.1319 |          0.0010 |
|      97 |      116400 |       00:37:17 |       14.00% |       17.75% |       2.2346 |       2.1289 |          0.0010 |
|      98 |      117600 |       00:37:39 |       16.00% |       14.42% |       2.1969 |       2.2447 |          0.0010 |
|      99 |      118800 |       00:38:02 |       34.00% |       24.38% |       1.8965 |       1.9545 |          0.0010 |
|     100 |      120000 |       00:38:24 |       22.00% |       23.69% |       2.0467 |       1.9744 |          0.0010 |
|======================================================================================================================|
