Initializing input data normalization.
|======================================================================================================================|
|  Epoch  |  Iteration  |  Time Elapsed  |  Mini-batch  |  Validation  |  Mini-batch  |  Validation  |  Base Learning  |
|         |             |   (hh:mm:ss)   |   Accuracy   |   Accuracy   |     Loss     |     Loss     |      Rate       |
|======================================================================================================================|
|       1 |           1 |       00:00:01 |       10.00% |        9.82% |      10.0416 |      14.2825 |          0.0010 |
|       1 |        1200 |       00:00:26 |      100.00% |       98.25% |       0.0463 |       0.0569 |          0.0010 |
|       2 |        2400 |       00:00:50 |       98.00% |       97.19% |       0.0902 |       0.0913 |          0.0010 |
|       3 |        3600 |       00:01:14 |       94.00% |       98.00% |       0.2425 |       0.0696 |          0.0010 |
|       4 |        4800 |       00:01:39 |      100.00% |       98.27% |       0.0025 |       0.0589 |          0.0010 |
|       5 |        6000 |       00:02:03 |      100.00% |       98.39% |       0.0168 |       0.0704 |          0.0010 |
|       6 |        7200 |       00:02:27 |       98.00% |       98.75% |       0.0777 |       0.0534 |          0.0010 |
|       7 |        8400 |       00:02:51 |      100.00% |       98.69% |       0.0036 |       0.0511 |          0.0010 |
|       8 |        9600 |       00:03:15 |      100.00% |       98.11% |       0.0068 |       0.0701 |          0.0010 |
|       9 |       10800 |       00:03:40 |      100.00% |       98.40% |       0.0034 |       0.0685 |          0.0010 |
|      10 |       12000 |       00:04:04 |       98.00% |       98.95% |       0.0251 |       0.0593 |          0.0010 |
|      11 |       13200 |       00:04:29 |      100.00% |       98.43% |       0.0011 |       0.0618 |          0.0010 |
|      12 |       14400 |       00:04:53 |      100.00% |       99.06% |       0.0004 |       0.0415 |          0.0010 |
|      13 |       15600 |       00:05:17 |      100.00% |       98.85% |       0.0122 |       0.0436 |          0.0010 |
|      14 |       16800 |       00:05:42 |      100.00% |       98.67% |       0.0086 |       0.0528 |          0.0010 |
|      15 |       18000 |       00:06:06 |      100.00% |       98.60% |       0.0158 |       0.0638 |          0.0010 |
|      16 |       19200 |       00:06:30 |       98.00% |       98.91% |       0.0271 |       0.0489 |          0.0010 |
|      17 |       20400 |       00:06:54 |      100.00% |       98.62% |       0.0050 |       0.0557 |          0.0010 |
|      18 |       21600 |       00:07:18 |      100.00% |       98.93% |       0.0168 |       0.0590 |          0.0010 |
|      19 |       22800 |       00:07:42 |      100.00% |       98.95% |       0.0037 |       0.0520 |          0.0010 |
|      20 |       24000 |       00:08:06 |       98.00% |       99.04% |       0.0416 |       0.0456 |          0.0010 |
|      21 |       25200 |       00:08:30 |       96.00% |       98.60% |       0.0654 |       0.0709 |          0.0010 |
|      22 |       26400 |       00:08:54 |      100.00% |       99.27% |       0.0124 |       0.0351 |          0.0010 |
|      23 |       27600 |       00:09:19 |      100.00% |       98.64% |       0.0001 |       0.0784 |          0.0010 |
|      24 |       28800 |       00:09:43 |      100.00% |       98.93% |       0.0010 |       0.0569 |          0.0010 |
|      25 |       30000 |       00:10:07 |      100.00% |       99.10% |       0.0002 |       0.0502 |          0.0010 |
|      26 |       31200 |       00:10:31 |       96.00% |       98.34% |       0.1079 |       0.0902 |          0.0010 |
|      27 |       32400 |       00:10:55 |      100.00% |       99.00% |   3.2343e-05 |       0.0639 |          0.0010 |
|      28 |       33600 |       00:11:19 |      100.00% |       98.85% |   3.9182e-05 |       0.0706 |          0.0010 |
|      29 |       34800 |       00:11:43 |      100.00% |       98.98% |   4.7637e-06 |       0.0462 |          0.0010 |
|      30 |       36000 |       00:12:07 |      100.00% |       98.71% |   2.9292e-05 |       0.0901 |          0.0010 |
|      31 |       37200 |       00:12:30 |       96.00% |       98.54% |       0.3406 |       0.0748 |          0.0010 |
|      32 |       38400 |       00:12:54 |      100.00% |       97.55% |       0.0004 |       0.1153 |          0.0010 |
|      33 |       39600 |       00:13:18 |      100.00% |       98.41% |       0.0016 |       0.0760 |          0.0010 |
|      34 |       40800 |       00:13:41 |      100.00% |       98.99% |       0.0001 |       0.0611 |          0.0010 |
|      35 |       42000 |       00:14:05 |      100.00% |       98.40% |       0.0017 |       0.0826 |          0.0010 |
|      36 |       43200 |       00:14:29 |      100.00% |       96.22% |       0.2286 |       0.2526 |          0.0010 |
|      37 |       44400 |       00:14:52 |      100.00% |       98.10% |       0.0076 |       0.1219 |          0.0010 |
|      38 |       45600 |       00:15:16 |      100.00% |       98.86% |       0.0037 |       0.0700 |          0.0010 |
|      39 |       46800 |       00:15:40 |       98.00% |       98.75% |       0.0703 |       0.0659 |          0.0010 |
|      40 |       48000 |       00:16:04 |      100.00% |       98.48% |       0.0003 |       0.0671 |          0.0010 |
|      41 |       49200 |       00:16:27 |       98.00% |       98.98% |       0.0742 |       0.0555 |          0.0010 |
|      42 |       50400 |       00:16:51 |       98.00% |       98.63% |       0.2454 |       0.0745 |          0.0010 |
|      43 |       51600 |       00:17:15 |       94.00% |       97.88% |       0.4120 |       0.1006 |          0.0010 |
|      44 |       52800 |       00:17:38 |       96.00% |       97.88% |       0.3440 |       0.1416 |          0.0010 |
|      45 |       54000 |       00:18:02 |       94.00% |       95.19% |       0.2661 |       0.2756 |          0.0010 |
|      46 |       55200 |       00:18:25 |       98.00% |       97.84% |       0.2440 |       0.1316 |          0.0010 |
|      47 |       56400 |       00:18:48 |       96.00% |       98.01% |       0.1518 |       0.1101 |          0.0010 |
|      48 |       57600 |       00:19:12 |       98.00% |       98.76% |       0.0822 |       0.0873 |          0.0010 |
|      49 |       58800 |       00:19:35 |       98.00% |       97.33% |       0.0795 |       0.1296 |          0.0010 |
|      50 |       60000 |       00:19:58 |       98.00% |       98.22% |       0.0914 |       0.0878 |          0.0010 |
|      51 |       61200 |       00:20:22 |       96.00% |       98.63% |       0.1194 |       0.0763 |          0.0010 |
|      52 |       62400 |       00:20:45 |      100.00% |       97.75% |       0.0002 |       0.1047 |          0.0010 |
|      53 |       63600 |       00:21:08 |      100.00% |       98.45% |       0.0009 |       0.0797 |          0.0010 |
|      54 |       64800 |       00:21:31 |       98.00% |       98.24% |       0.1518 |       0.1844 |          0.0010 |
|      55 |       66000 |       00:21:54 |       96.00% |       92.83% |       0.2775 |       0.2989 |          0.0010 |
|      56 |       67200 |       00:22:18 |      100.00% |       98.20% |       0.0333 |       0.1621 |          0.0010 |
|      57 |       68400 |       00:22:41 |       98.00% |       97.83% |       0.2193 |       0.1227 |          0.0010 |
|      58 |       69600 |       00:23:04 |       96.00% |       97.19% |       0.1301 |       0.1900 |          0.0010 |
|      59 |       70800 |       00:23:27 |      100.00% |       97.99% |   3.4023e-06 |       0.1004 |          0.0010 |
|      60 |       72000 |       00:23:51 |       98.00% |       97.30% |       0.1049 |       0.1162 |          0.0010 |
|      61 |       73200 |       00:24:14 |       98.00% |       98.38% |       0.1889 |       0.0784 |          0.0010 |
|      62 |       74400 |       00:24:37 |       58.00% |       71.61% |       0.9410 |       0.6959 |          0.0010 |
|      63 |       75600 |       00:25:00 |      100.00% |       97.51% |       0.1158 |       0.1862 |          0.0010 |
|      64 |       76800 |       00:25:23 |       82.00% |       86.98% |       0.4284 |       0.3853 |          0.0010 |
|      65 |       78000 |       00:25:46 |       90.00% |       88.74% |       0.4966 |       0.3799 |          0.0010 |
|      66 |       79200 |       00:26:10 |       92.00% |       95.53% |       0.3505 |       0.1581 |          0.0010 |
|      67 |       80400 |       00:26:33 |       78.00% |       77.37% |       0.8295 |       0.7016 |          0.0010 |
|      68 |       81600 |       00:26:56 |       62.00% |       69.39% |       1.0921 |       0.9514 |          0.0010 |
|      69 |       82800 |       00:27:19 |       72.00% |       70.43% |       0.7075 |       0.7578 |          0.0010 |
|      70 |       84000 |       00:27:42 |       84.00% |       85.61% |       0.3450 |       0.3888 |          0.0010 |
|      71 |       85200 |       00:28:05 |       84.00% |       84.22% |       0.3919 |       0.5538 |          0.0010 |
|      72 |       86400 |       00:28:28 |       56.00% |       50.81% |       1.5886 |       1.6158 |          0.0010 |
|      73 |       87600 |       00:28:51 |       68.00% |       67.36% |       0.7109 |       0.8348 |          0.0010 |
|      74 |       88800 |       00:29:14 |       50.00% |       62.78% |       0.9631 |       0.9584 |          0.0010 |
|      75 |       90000 |       00:29:37 |       80.00% |       75.93% |       0.4284 |       0.6147 |          0.0010 |
|      76 |       91200 |       00:30:00 |       64.00% |       56.57% |       0.9798 |       1.1584 |          0.0010 |
|      77 |       92400 |       00:30:23 |       88.00% |       86.93% |       0.5789 |       0.4018 |          0.0010 |
|      78 |       93600 |       00:30:46 |       78.00% |       65.67% |       0.6455 |       0.9748 |          0.0010 |
|      79 |       94800 |       00:31:08 |       40.00% |       30.68% |       1.8168 |       2.0783 |          0.0010 |
|      80 |       96000 |       00:31:31 |       60.00% |       57.35% |       1.0802 |       1.1665 |          0.0010 |
|      81 |       97200 |       00:31:54 |       54.00% |       57.46% |       1.0331 |       1.0462 |          0.0010 |
|      82 |       98400 |       00:32:17 |       52.00% |       58.20% |       1.0553 |       0.9996 |          0.0010 |
|      83 |       99600 |       00:32:40 |       68.00% |       57.28% |       0.8092 |       1.0105 |          0.0010 |
|      84 |      100800 |       00:33:03 |       46.00% |       39.91% |       1.4105 |       1.5162 |          0.0010 |
|      85 |      102000 |       00:33:26 |       64.00% |       58.16% |       1.0472 |       1.0405 |          0.0010 |
|      86 |      103200 |       00:33:48 |       34.00% |       29.62% |       1.7165 |       1.8830 |          0.0010 |
|      87 |      104400 |       00:34:11 |       26.00% |       28.80% |       1.8496 |       1.7961 |          0.0010 |
|      88 |      105600 |       00:34:34 |       30.00% |       33.60% |       1.8509 |       1.6763 |          0.0010 |
|      89 |      106800 |       00:34:57 |       52.00% |       37.20% |       1.2843 |       1.6056 |          0.0010 |
|      90 |      108000 |       00:35:20 |       28.00% |       20.83% |       1.9363 |       2.0173 |          0.0010 |
|      91 |      109200 |       00:35:43 |       14.00% |       20.92% |       2.0676 |       2.0015 |          0.0010 |
|      92 |      110400 |       00:36:05 |       20.00% |       20.77% |       2.0684 |       2.0031 |          0.0010 |
|      93 |      111600 |       00:36:28 |       18.00% |       20.06% |       2.0828 |       2.0557 |          0.0010 |
|      94 |      112800 |       00:36:51 |       38.00% |       30.57% |       1.5588 |       1.7620 |          0.0010 |
|      95 |      114000 |       00:37:14 |       18.00% |       20.42% |       2.0680 |       2.0330 |          0.0010 |
|      96 |      115200 |       00:37:37 |       10.00% |       19.62% |       2.0807 |       2.0842 |          0.0010 |
|      97 |      116400 |       00:38:00 |       28.00% |       30.90% |       1.9534 |       1.7789 |          0.0010 |
|      98 |      117600 |       00:38:23 |       24.00% |       23.39% |       1.9628 |       1.9568 |          0.0010 |
|      99 |      118800 |       00:38:46 |       28.00% |       20.45% |       1.8849 |       2.0184 |          0.0010 |
|     100 |      120000 |       00:39:08 |       16.00% |       20.80% |       2.0652 |       2.0048 |          0.0010 |
|======================================================================================================================|

ans = 

    "--->Total time: 2360.34"

    0.2080