Initializing input data normalization.
|======================================================================================================================|
|  Epoch  |  Iteration  |  Time Elapsed  |  Mini-batch  |  Validation  |  Mini-batch  |  Validation  |  Base Learning  |
|         |             |   (hh:mm:ss)   |   Accuracy   |   Accuracy   |     Loss     |     Loss     |      Rate       |
|======================================================================================================================|
|       1 |           1 |       00:00:04 |       11.50% |        9.82% |       9.5761 |      14.3017 |          0.0010 |
|       1 |         100 |       00:01:12 |       94.67% |       95.71% |       0.1699 |       0.1346 |          0.0010 |
|       2 |         200 |       00:02:20 |       97.67% |       97.52% |       0.0820 |       0.0788 |          0.0010 |
|       3 |         300 |       00:03:27 |       97.17% |       98.02% |       0.1127 |       0.0630 |          0.0010 |
|       4 |         400 |       00:04:35 |       99.00% |       98.41% |       0.0288 |       0.0516 |          0.0010 |
|       5 |         500 |       00:05:43 |       99.33% |       98.43% |       0.0283 |       0.0526 |          0.0010 |
|       6 |         600 |       00:06:50 |       98.67% |       98.38% |       0.0340 |       0.0507 |          0.0010 |
|       7 |         700 |       00:07:58 |       98.83% |       98.71% |       0.0316 |       0.0422 |          0.0010 |
|       8 |         800 |       00:09:06 |       99.33% |       98.74% |       0.0246 |       0.0404 |          0.0010 |
|       9 |         900 |       00:10:14 |       99.33% |       98.63% |       0.0173 |       0.0440 |          0.0010 |
|      10 |        1000 |       00:11:22 |       99.83% |       98.69% |       0.0079 |       0.0451 |          0.0010 |
|      11 |        1100 |       00:12:29 |       99.50% |       98.92% |       0.0223 |       0.0381 |          0.0010 |
|      12 |        1200 |       00:13:37 |       99.67% |       98.77% |       0.0086 |       0.0478 |          0.0010 |
|      13 |        1300 |       00:14:45 |       99.50% |       98.92% |       0.0102 |       0.0392 |          0.0010 |
|      14 |        1400 |       00:15:53 |       99.33% |       98.84% |       0.0081 |       0.0400 |          0.0010 |
|      15 |        1500 |       00:17:01 |      100.00% |       98.88% |       0.0028 |       0.0412 |          0.0010 |
|      16 |        1600 |       00:18:09 |       99.50% |       98.77% |       0.0090 |       0.0477 |          0.0010 |
|      17 |        1700 |       00:19:17 |       99.50% |       98.48% |       0.0090 |       0.0508 |          0.0010 |
|      18 |        1800 |       00:20:25 |       99.67% |       98.73% |       0.0074 |       0.0495 |          0.0010 |
|      19 |        1900 |       00:21:33 |       99.83% |       98.94% |       0.0052 |       0.0446 |          0.0010 |
|      20 |        2000 |       00:22:41 |       99.67% |       98.85% |       0.0091 |       0.0475 |          0.0010 |
|      21 |        2100 |       00:23:49 |       99.67% |       98.74% |       0.0147 |       0.0538 |          0.0010 |
|      22 |        2200 |       00:24:57 |       99.00% |       98.65% |       0.0367 |       0.0640 |          0.0010 |
|      23 |        2300 |       00:26:05 |       99.50% |       98.64% |       0.0191 |       0.0487 |          0.0010 |
|      24 |        2400 |       00:27:13 |       99.67% |       98.76% |       0.0076 |       0.0559 |          0.0010 |
|      25 |        2500 |       00:28:21 |       99.83% |       98.90% |       0.0041 |       0.0503 |          0.0010 |
|      26 |        2600 |       00:29:29 |      100.00% |       98.79% |       0.0012 |       0.0550 |          0.0010 |
|      27 |        2700 |       00:30:37 |       99.50% |       98.96% |       0.0073 |       0.0475 |          0.0010 |
|      28 |        2800 |       00:31:45 |       99.83% |       98.85% |       0.0055 |       0.0558 |          0.0010 |
|      29 |        2900 |       00:32:53 |       99.67% |       98.82% |       0.0052 |       0.0584 |          0.0010 |
|      30 |        3000 |       00:34:01 |       99.67% |       98.56% |       0.0090 |       0.0646 |          0.0010 |
|      31 |        3100 |       00:35:09 |       99.67% |       98.69% |       0.0143 |       0.0614 |          0.0010 |
|      32 |        3200 |       00:36:17 |       99.67% |       99.07% |       0.0047 |       0.0537 |          0.0010 |
|      33 |        3300 |       00:37:25 |       99.83% |       98.71% |       0.0047 |       0.0616 |          0.0010 |
|      34 |        3400 |       00:38:33 |       99.67% |       98.60% |       0.0141 |       0.0705 |          0.0010 |
|      35 |        3500 |       00:39:41 |       99.83% |       98.85% |       0.0096 |       0.0556 |          0.0010 |
|      36 |        3600 |       00:40:49 |      100.00% |       98.98% |       0.0011 |       0.0563 |          0.0010 |
|      37 |        3700 |       00:41:57 |       99.67% |       98.56% |       0.0072 |       0.0802 |          0.0010 |
|      38 |        3800 |       00:43:06 |       99.67% |       98.64% |       0.0059 |       0.0631 |          0.0010 |
|      39 |        3900 |       00:44:14 |       99.83% |       98.73% |       0.0023 |       0.0659 |          0.0010 |
|      40 |        4000 |       00:45:22 |       99.67% |       99.04% |       0.0091 |       0.0508 |          0.0010 |
|      41 |        4100 |       00:46:30 |      100.00% |       99.09% |       0.0005 |       0.0512 |          0.0010 |
|      42 |        4200 |       00:47:38 |      100.00% |       99.11% |       0.0018 |       0.0513 |          0.0010 |
|      43 |        4300 |       00:48:46 |       99.67% |       98.81% |       0.0055 |       0.0598 |          0.0010 |
|      44 |        4400 |       00:49:54 |      100.00% |       98.75% |       0.0019 |       0.0604 |          0.0010 |
|      45 |        4500 |       00:51:02 |       99.83% |       98.94% |       0.0109 |       0.0584 |          0.0010 |
|      46 |        4600 |       00:52:10 |       99.67% |       98.94% |       0.0193 |       0.0589 |          0.0010 |
|      47 |        4700 |       00:53:18 |       99.50% |       98.96% |       0.0155 |       0.0628 |          0.0010 |
|      48 |        4800 |       00:54:26 |       99.67% |       99.02% |       0.0134 |       0.0600 |          0.0010 |
|      49 |        4900 |       00:55:34 |      100.00% |       98.94% |       0.0027 |       0.0663 |          0.0010 |
|      50 |        5000 |       00:56:42 |       99.67% |       98.95% |       0.0076 |       0.0637 |          0.0010 |
|      51 |        5100 |       00:57:52 |       99.83% |       99.07% |       0.0073 |       0.0548 |          0.0010 |
|      52 |        5200 |       00:59:01 |       99.83% |       98.99% |       0.0029 |       0.0598 |          0.0010 |
|      53 |        5300 |       01:00:11 |      100.00% |       98.97% |       0.0001 |       0.0612 |          0.0010 |
|      54 |        5400 |       01:01:20 |       99.33% |       98.60% |       0.0114 |       0.0821 |          0.0010 |
|      55 |        5500 |       01:02:28 |       99.83% |       98.71% |       0.0029 |       0.0755 |          0.0010 |
|      56 |        5600 |       01:03:39 |       99.50% |       98.86% |       0.0228 |       0.0750 |          0.0010 |
|      57 |        5700 |       01:04:52 |       99.67% |       98.97% |       0.0083 |       0.0585 |          0.0010 |
|      58 |        5800 |       01:06:02 |       99.67% |       98.63% |       0.0092 |       0.0865 |          0.0010 |
|      59 |        5900 |       01:07:12 |       99.83% |       98.87% |       0.0029 |       0.0703 |          0.0010 |
|      60 |        6000 |       01:08:21 |       99.67% |       98.78% |       0.0175 |       0.0772 |          0.0010 |
|      61 |        6100 |       01:09:29 |       99.50% |       98.76% |       0.0087 |       0.0746 |          0.0010 |
|      62 |        6200 |       01:10:37 |       99.67% |       98.94% |       0.0092 |       0.0699 |          0.0010 |
|      63 |        6300 |       01:11:46 |      100.00% |       99.02% |       0.0002 |       0.0601 |          0.0010 |
|      64 |        6400 |       01:12:54 |       99.50% |       99.05% |       0.0220 |       0.0568 |          0.0010 |
|      65 |        6500 |       01:14:02 |       99.83% |       99.11% |       0.0029 |       0.0585 |          0.0010 |
|      66 |        6600 |       01:15:10 |       99.67% |       99.01% |       0.0151 |       0.0731 |          0.0010 |
|      67 |        6700 |       01:16:19 |      100.00% |       98.98% |       0.0003 |       0.0672 |          0.0010 |
|      68 |        6800 |       01:17:27 |      100.00% |       98.69% |       0.0001 |       0.0845 |          0.0010 |
|      69 |        6900 |       01:18:36 |      100.00% |       98.86% |       0.0003 |       0.0760 |          0.0010 |
|      70 |        7000 |       01:19:44 |       99.83% |       98.71% |       0.0025 |       0.1026 |          0.0010 |
|      71 |        7100 |       01:20:53 |       99.83% |       98.98% |       0.0075 |       0.0695 |          0.0010 |
|      72 |        7200 |       01:22:01 |       99.00% |       98.89% |       0.0334 |       0.0813 |          0.0010 |
|      73 |        7300 |       01:23:09 |       99.83% |       99.00% |       0.0018 |       0.0810 |          0.0010 |
|      74 |        7400 |       01:24:18 |      100.00% |       99.02% |   5.9964e-05 |       0.0724 |          0.0010 |
|      75 |        7500 |       01:25:26 |       99.50% |       98.94% |       0.0110 |       0.0707 |          0.0010 |
|      76 |        7600 |       01:26:34 |       99.83% |       98.92% |       0.0044 |       0.0700 |          0.0010 |
|      77 |        7700 |       01:27:43 |       99.83% |       98.78% |       0.0108 |       0.0843 |          0.0010 |
|      78 |        7800 |       01:28:51 |       99.83% |       99.05% |       0.0043 |       0.0734 |          0.0010 |
|      79 |        7900 |       01:30:00 |       99.83% |       98.75% |       0.0208 |       0.0918 |          0.0010 |
|      80 |        8000 |       01:31:08 |      100.00% |       99.03% |   7.9309e-05 |       0.0741 |          0.0010 |
|      81 |        8100 |       01:32:17 |       99.83% |       99.12% |       0.0065 |       0.0667 |          0.0010 |
|      82 |        8200 |       01:33:25 |       99.50% |       98.88% |       0.0267 |       0.0833 |          0.0010 |
|      83 |        8300 |       01:34:33 |       99.50% |       98.83% |       0.0199 |       0.0870 |          0.0010 |
|      84 |        8400 |       01:35:42 |       99.83% |       98.73% |       0.0049 |       0.0937 |          0.0010 |
|      85 |        8500 |       01:36:50 |      100.00% |       98.89% |   7.7337e-05 |       0.0871 |          0.0010 |
|      86 |        8600 |       01:37:58 |      100.00% |       98.98% |       0.0001 |       0.0718 |          0.0010 |
|      87 |        8700 |       01:39:07 |      100.00% |       98.97% |       0.0012 |       0.0770 |          0.0010 |
|      88 |        8800 |       01:40:15 |       99.83% |       99.17% |       0.0026 |       0.0708 |          0.0010 |
|      89 |        8900 |       01:41:24 |       99.83% |       98.93% |       0.0044 |       0.0698 |          0.0010 |
|      90 |        9000 |       01:42:32 |       99.83% |       98.85% |       0.0028 |       0.0871 |          0.0010 |
|      91 |        9100 |       01:43:41 |       99.50% |       98.93% |       0.0288 |       0.0885 |          0.0010 |
|      92 |        9200 |       01:44:49 |       99.83% |       98.80% |       0.0177 |       0.0920 |          0.0010 |
|      93 |        9300 |       01:45:57 |       99.83% |       98.86% |       0.0041 |       0.1021 |          0.0010 |
|      94 |        9400 |       01:47:06 |       99.67% |       98.71% |       0.0098 |       0.1000 |          0.0010 |
|      95 |        9500 |       01:48:14 |      100.00% |       99.06% |       0.0011 |       0.0717 |          0.0010 |
|      96 |        9600 |       01:49:22 |       99.67% |       99.06% |       0.0104 |       0.0818 |          0.0010 |
|      97 |        9700 |       01:50:31 |       99.67% |       98.93% |       0.0130 |       0.0944 |          0.0010 |
|      98 |        9800 |       01:51:39 |      100.00% |       98.84% |       0.0003 |       0.1067 |          0.0010 |
|      99 |        9900 |       01:52:47 |       99.83% |       99.10% |       0.0015 |       0.0778 |          0.0010 |
|     100 |       10000 |       01:53:56 |      100.00% |       99.06% |   3.7527e-05 |       0.0829 |          0.0010 |
|======================================================================================================================|

ans = 

    "--->Total time: 6840.93"

    0.9906
